\BOOKMARK [0][-]{dummy.1}{\376\377\000A\000b\000s\000t\000r\000a\000c\000t}{}% 1
\BOOKMARK [0][-]{dummy.2}{\376\377\000A\000c\000k\000n\000o\000w\000l\000e\000d\000g\000e\000m\000e\000n\000t\000s}{}% 2
\BOOKMARK [0][-]{dummy.3}{\376\377\000C\000o\000n\000t\000e\000n\000t\000s}{}% 3
\BOOKMARK [0][-]{dummy.5}{\376\377\000L\000i\000s\000t\000\040\000o\000f\000\040\000T\000a\000b\000l\000e\000s}{}% 4
\BOOKMARK [0][-]{chapter.7}{\376\377\0001\000\040\000I\000n\000t\000r\000o\000d\000u\000c\000t\000i\000o\000n}{}% 5
\BOOKMARK [1][-]{section.8}{\376\377\0001\000.\0001\000\040\000I\000n\000t\000o\000d\000u\000c\000t\000i\000o\000n}{chapter.7}% 6
\BOOKMARK [1][-]{section.9}{\376\377\0001\000.\0002\000\040\000T\000h\000e\000\040\000i\000m\000p\000o\000r\000t\000a\000n\000c\000e\000\040\000o\000f\000\040\000a\000n\000\040\000S\000D\000P\000\040\000i\000n\000t\000e\000r\000f\000a\000c\000e}{chapter.7}% 7
\BOOKMARK [1][-]{section.10}{\376\377\0001\000.\0003\000\040\000S\000a\000g\000e\000m\000a\000t\000h}{chapter.7}% 8
\BOOKMARK [1][-]{section.11}{\376\377\0001\000.\0004\000\040\000L\000i\000n\000e\000a\000r\000\040\000P\000r\000o\000g\000r\000a\000m\000m\000i\000n\000g}{chapter.7}% 9
\BOOKMARK [1][-]{section.15}{\376\377\0001\000.\0005\000\040\000S\000e\000m\000i\000d\000e\000f\000i\000n\000i\000t\000e\000\040\000P\000r\000o\000g\000r\000a\000m\000m\000i\000n\000g}{chapter.7}% 10
\BOOKMARK [1][-]{section.19}{\376\377\0001\000.\0006\000\040\000T\000h\000e\000\040\000C\000V\000X\000O\000P\000T\000\040\000L\000i\000b\000r\000a\000r\000y}{chapter.7}% 11
\BOOKMARK [2][-]{subsection.20}{\376\377\0001\000.\0006\000.\0001\000\040\000A\000l\000g\000o\000r\000i\000t\000h\000m\000\040\000p\000a\000r\000a\000m\000e\000t\000e\000r\000s\000\040\000f\000o\000r\000\040\000t\000h\000e\000\040\000C\000V\000X\000O\000P\000T\000\040\000s\000o\000l\000v\000e\000r}{section.19}% 12
\BOOKMARK [2][-]{subsection.21}{\376\377\0001\000.\0006\000.\0002\000\040\000P\000o\000s\000s\000i\000b\000l\000e\000\040\000o\000u\000t\000c\000o\000m\000e\000s}{section.19}% 13
\BOOKMARK [0][-]{chapter.22}{\376\377\0002\000\040\000T\000h\000e\000\040\000C\000V\000X\000O\000P\000T\000\040\000L\000P\000\040\000B\000a\000c\000k\000e\000n\000d}{}% 14
\BOOKMARK [1][-]{section.23}{\376\377\0002\000.\0001\000\040\000O\000v\000e\000r\000v\000i\000e\000w}{chapter.22}% 15
\BOOKMARK [1][-]{section.24}{\376\377\0002\000.\0002\000\040\000S\000o\000l\000v\000i\000n\000g\000\040\000l\000i\000n\000e\000a\000r\000\040\000P\000r\000o\000g\000r\000a\000m\000s\000\040\000i\000n\000\040\000S\000a\000g\000e}{chapter.22}% 16
\BOOKMARK [1][-]{section.29}{\376\377\0002\000.\0003\000\040\000L\000P\000\040\000e\000x\000a\000m\000p\000l\000e\000\040\000u\000s\000i\000n\000g\000\040\000C\000V\000X\000O\000P\000T}{chapter.22}% 17
\BOOKMARK [1][-]{section.34}{\376\377\0002\000.\0004\000\040\000T\000h\000e\000\040\000i\000m\000p\000o\000r\000t\000a\000n\000c\000e\000\040\000o\000f\000\040\000t\000h\000e\000\040\000C\000V\000X\000O\000P\000T\000\040\000s\000o\000l\000v\000e\000r}{chapter.22}% 18
\BOOKMARK [2][-]{subsection.35}{\376\377\0002\000.\0004\000.\0001\000\040\000T\000h\000e\000\040\000d\000i\000f\000f\000e\000r\000e\000n\000c\000e\000\040\000b\000e\000t\000w\000e\000e\000n\000\040\000t\000h\000e\000\040\000S\000i\000m\000p\000l\000e\000x\000\040\000m\000e\000t\000h\000o\000d\000\040\000a\000n\000d\000\040\000i\000n\000t\000e\000r\000i\000o\000r\000\040\000p\000o\000i\000n\000t\000\040\000m\000e\000t\000h\000o\000d}{section.34}% 19
\BOOKMARK [1][-]{section.41}{\376\377\0002\000.\0005\000\040\000P\000a\000r\000a\000m\000e\000t\000e\000r\000s\000\040\000f\000o\000r\000\040\000t\000h\000e\000\040\000c\000v\000x\000o\000p\000t\000.\000s\000o\000l\000v\000e\000r\000s\000.\000l\000p\000\040\000m\000e\000t\000h\000o\000d}{chapter.22}% 20
\BOOKMARK [1][-]{section.42}{\376\377\0002\000.\0006\000\040\000I\000m\000p\000o\000r\000t\000a\000n\000t\000\040\000c\000l\000a\000s\000s\000e\000s\000\040\000f\000o\000r\000\040\000t\000h\000e\000\040\000C\000V\000X\000O\000P\000T\000\040\000b\000a\000c\000k\000e\000n\000d}{chapter.22}% 21
\BOOKMARK [2][-]{subsection.43}{\376\377\0002\000.\0006\000.\0001\000\040\000T\000h\000e\000\040\000M\000i\000x\000e\000d\000I\000n\000t\000e\000g\000e\000r\000L\000i\000n\000e\000a\000r\000P\000r\000o\000g\000r\000a\000m\000\040\000c\000l\000a\000s\000s}{section.42}% 22
\BOOKMARK [2][-]{subsection.45}{\376\377\0002\000.\0006\000.\0002\000\040\000T\000h\000e\000\040\000G\000e\000n\000e\000r\000i\000c\000B\000a\000c\000k\000e\000n\000d\000\040\000c\000l\000a\000s\000s}{section.42}% 23
\BOOKMARK [1][-]{section.47}{\376\377\0002\000.\0007\000\040\000T\000h\000e\000\040\000I\000m\000p\000l\000e\000m\000e\000n\000t\000a\000t\000i\000o\000n\000\040\000o\000f\000\040\000t\000h\000e\000\040\000C\000V\000X\000O\000P\000T\000\040\000L\000P\000\040\000b\000a\000c\000k\000e\000n\000d}{chapter.22}% 24
\BOOKMARK [2][-]{subsection.48}{\376\377\0002\000.\0007\000.\0001\000\040\000C\000y\000t\000h\000o\000n}{section.47}% 25
\BOOKMARK [2][-]{subsection.49}{\376\377\0002\000.\0007\000.\0002\000\040\000C\000l\000a\000s\000s\000\040\000v\000a\000r\000i\000a\000b\000l\000e\000s\000\040\000a\000n\000d\000\040\000t\000h\000e\000\040\000c\000o\000n\000s\000t\000r\000u\000c\000t\000o\000r}{section.47}% 26
\BOOKMARK [2][-]{subsection.50}{\376\377\0002\000.\0007\000.\0003\000\040\000T\000h\000e\000\040\000i\000m\000p\000l\000e\000m\000e\000n\000t\000a\000t\000i\000o\000n\000\040\000o\000f\000\040\000s\000e\000v\000e\000r\000a\000l\000\040\000m\000a\000j\000o\000r\000\040\000m\000e\000t\000h\000o\000d\000s}{section.47}% 27
\BOOKMARK [3][-]{subsubsection.51}{\376\377\0002\000.\0007\000.\0003\000.\0001\000\040\000T\000h\000e\000\040\000i\000m\000p\000l\000e\000m\000e\000n\000t\000a\000t\000i\000o\000n\000\040\000o\000f\000\040\000a\000d\000d\000\137\000l\000i\000n\000e\000a\000r\000\137\000c\000o\000n\000s\000t\000r\000a\000i\000n\000t}{subsection.50}% 28
\BOOKMARK [3][-]{subsubsection.52}{\376\377\0002\000.\0007\000.\0003\000.\0002\000\040\000T\000h\000e\000\040\000i\000m\000p\000l\000e\000m\000e\000n\000t\000a\000t\000i\000o\000n\000\040\000o\000f\000\040\000s\000o\000l\000v\000e\000\050\000\051}{subsection.50}% 29
\BOOKMARK [3][-]{subsubsection.53}{\376\377\0002\000.\0007\000.\0003\000.\0003\000\040\000T\000h\000e\000\040\000i\000m\000p\000l\000e\000m\000e\000n\000t\000a\000t\000i\000o\000n\000\040\000o\000f\000\040\000g\000e\000t\000\137\000o\000b\000j\000e\000c\000t\000i\000v\000e\000\137\000v\000a\000l\000u\000e}{subsection.50}% 30
\BOOKMARK [3][-]{subsubsection.54}{\376\377\0002\000.\0007\000.\0003\000.\0004\000\040\000T\000h\000e\000\040\000i\000m\000p\000l\000e\000m\000e\000n\000t\000a\000t\000i\000o\000n\000\040\000a\000n\000d\000\040\000d\000e\000s\000i\000g\000n\000\040\000o\000f\000\040\000n\000c\000o\000l\000s\000\050\000\051\000\040\000a\000n\000d\000\040\000n\000r\000o\000w\000s\000\050\000\051}{subsection.50}% 31
\BOOKMARK [2][-]{subsection.55}{\376\377\0002\000.\0007\000.\0004\000\040\000D\000o\000c\000u\000m\000e\000n\000t\000a\000t\000i\000o\000n\000\040\000a\000n\000d\000\040\000T\000e\000s\000t\000i\000n\000g}{section.47}% 32
\BOOKMARK [1][-]{section.56}{\376\377\0002\000.\0008\000\040\000R\000e\000s\000u\000l\000t\000s}{chapter.22}% 33
\BOOKMARK [2][-]{subsection.57}{\376\377\0002\000.\0008\000.\0001\000\040\000B\000e\000n\000c\000h\000m\000a\000r\000k}{section.56}% 34
\BOOKMARK [2][-]{subsection.58}{\376\377\0002\000.\0008\000.\0002\000\040\000C\000u\000r\000r\000e\000n\000t\000\040\000s\000t\000a\000t\000u\000s\000\040\000i\000n\000\040\000t\000h\000e\000\040\000o\000p\000e\000n\000-\000s\000o\000u\000r\000c\000e\000\040\000c\000o\000m\000m\000u\000n\000i\000t\000y}{section.56}% 35
\BOOKMARK [0][-]{chapter.59}{\376\377\0003\000\040\000T\000h\000e\000\040\000S\000D\000P\000\040\000I\000n\000t\000e\000r\000f\000a\000c\000e}{}% 36
\BOOKMARK [1][-]{section.60}{\376\377\0003\000.\0001\000\040\000O\000v\000e\000r\000v\000i\000e\000w}{chapter.59}% 37
\BOOKMARK [1][-]{section.61}{\376\377\0003\000.\0002\000\040\000T\000h\000e\000\040\000d\000e\000s\000i\000g\000n\000\040\000o\000f\000\040\000t\000h\000e\000\040\000S\000D\000P\000\040\000i\000n\000t\000e\000r\000f\000a\000c\000e}{chapter.59}% 38
\BOOKMARK [1][-]{section.65}{\376\377\0003\000.\0003\000\040\000S\000o\000l\000v\000i\000n\000g\000\040\000S\000D\000P\000\040\000e\000x\000a\000m\000p\000l\000e\000\040\000u\000s\000i\000n\000g\000\040\000C\000V\000X\000O\000P\000T}{chapter.59}% 39
\BOOKMARK [2][-]{subsection.66}{\376\377\0003\000.\0003\000.\0001\000\040\000P\000a\000r\000a\000m\000e\000t\000e\000r\000s\000\040\000f\000o\000r\000\040\000t\000h\000e\000\040\000c\000v\000x\000o\000p\000t\000.\000s\000o\000l\000v\000e\000r\000s\000.\000s\000d\000p\000\040\000m\000e\000t\000h\000o\000d}{section.65}% 40
\BOOKMARK [2][-]{subsection.67}{\376\377\0003\000.\0003\000.\0002\000\040\000E\000x\000a\000m\000p\000l\000e}{section.65}% 41
\BOOKMARK [1][-]{section.68}{\376\377\0003\000.\0004\000\040\000T\000h\000e\000\040\000i\000m\000p\000l\000e\000m\000e\000n\000t\000a\000t\000i\000o\000n\000\040\000o\000f\000\040\000t\000h\000e\000\040\000S\000D\000P\000\040\000i\000n\000t\000e\000r\000f\000a\000c\000e}{chapter.59}% 42
\BOOKMARK [2][-]{subsection.69}{\376\377\0003\000.\0004\000.\0001\000\040\000T\000h\000e\000\040\000S\000e\000m\000i\000d\000e\000f\000i\000n\000i\000t\000e\000P\000r\000o\000g\000r\000a\000m\000\040\000c\000l\000a\000s\000s}{section.68}% 43
\BOOKMARK [3][-]{subsubsection.70}{\376\377\0003\000.\0004\000.\0001\000.\0001\000\040\000T\000h\000e\000\040\000S\000D\000P\000V\000a\000r\000i\000a\000b\000l\000e}{subsection.69}% 44
\BOOKMARK [3][-]{subsubsection.71}{\376\377\0003\000.\0004\000.\0001\000.\0002\000\040\000T\000h\000e\000\040\000S\000D\000P\000S\000o\000l\000v\000e\000r\000E\000x\000c\000e\000p\000t\000i\000o\000n}{subsection.69}% 45
\BOOKMARK [3][-]{subsubsection.72}{\376\377\0003\000.\0004\000.\0001\000.\0003\000\040\000C\000l\000a\000s\000s\000\040\000v\000a\000r\000i\000a\000b\000l\000e\000s\000\040\000a\000n\000d\000\040\000t\000h\000e\000\040\000c\000o\000n\000s\000t\000r\000u\000c\000t\000o\000r}{subsection.69}% 46
\BOOKMARK [3][-]{subsubsection.73}{\376\377\0003\000.\0004\000.\0001\000.\0004\000\040\000I\000m\000p\000l\000e\000m\000e\000n\000t\000a\000t\000i\000o\000n\000\040\000o\000f\000\040\000a\000d\000d\000\137\000c\000o\000n\000s\000t\000r\000a\000i\000n\000t}{subsection.69}% 47
\BOOKMARK [3][-]{subsubsection.74}{\376\377\0003\000.\0004\000.\0001\000.\0005\000\040\000I\000m\000p\000l\000e\000m\000e\000n\000t\000a\000t\000i\000o\000n\000\040\000o\000f\000\040\000s\000o\000l\000v\000e}{subsection.69}% 48
\BOOKMARK [3][-]{subsubsection.75}{\376\377\0003\000.\0004\000.\0001\000.\0006\000\040\000D\000o\000c\000u\000m\000e\000n\000t\000a\000t\000i\000o\000n\000\040\000a\000n\000d\000\040\000T\000e\000s\000t\000i\000n\000g}{subsection.69}% 49
\BOOKMARK [2][-]{subsection.76}{\376\377\0003\000.\0004\000.\0002\000\040\000T\000h\000e\000\040\000G\000e\000n\000e\000r\000i\000c\000S\000D\000P\000B\000a\000c\000k\000e\000n\000d\000\040\000c\000l\000a\000s\000s}{section.68}% 50
\BOOKMARK [2][-]{subsection.77}{\376\377\0003\000.\0004\000.\0003\000\040\000T\000h\000e\000\040\000C\000V\000X\000O\000P\000T\000S\000D\000P\000B\000a\000c\000k\000e\000n\000d\000\040\000c\000l\000a\000s\000s}{section.68}% 51
\BOOKMARK [3][-]{subsubsection.78}{\376\377\0003\000.\0004\000.\0003\000.\0001\000\040\000T\000h\000e\000\040\000s\000o\000l\000v\000e\000\050\000\051\000\040\000m\000e\000t\000h\000o\000d}{subsection.77}% 52
\BOOKMARK [3][-]{subsubsection.79}{\376\377\0003\000.\0004\000.\0003\000.\0002\000\040\000D\000o\000c\000u\000m\000e\000n\000t\000a\000t\000i\000o\000n\000\040\000a\000n\000d\000\040\000T\000e\000s\000t\000i\000n\000g}{subsection.77}% 53
\BOOKMARK [2][-]{subsection.80}{\376\377\0003\000.\0004\000.\0004\000\040\000T\000h\000e\000\040\000D\000S\000D\000P\000S\000D\000P\000B\000a\000c\000k\000e\000n\000d\000\040\000c\000l\000a\000s\000s}{section.68}% 54
\BOOKMARK [3][-]{subsubsection.81}{\376\377\0003\000.\0004\000.\0004\000.\0001\000\040\000T\000h\000e\000\040\000D\000S\000D\000P\000\040\000s\000o\000l\000v\000e\000r}{subsection.80}% 55
\BOOKMARK [3][-]{subsubsection.82}{\376\377\0003\000.\0004\000.\0004\000.\0002\000\040\000T\000h\000e\000\040\000D\000S\000D\000P\000\040\000b\000a\000c\000k\000e\000n\000d}{subsection.80}% 56
\BOOKMARK [1][-]{section.83}{\376\377\0003\000.\0005\000\040\000R\000e\000s\000u\000l\000t\000s}{chapter.59}% 57
\BOOKMARK [2][-]{subsection.84}{\376\377\0003\000.\0005\000.\0001\000\040\000B\000e\000n\000c\000h\000m\000a\000r\000k}{section.83}% 58
\BOOKMARK [2][-]{subsection.85}{\376\377\0003\000.\0005\000.\0002\000\040\000C\000u\000r\000r\000e\000n\000t\000\040\000s\000t\000a\000t\000u\000s\000\040\000i\000n\000\040\000t\000h\000e\000\040\000o\000p\000e\000n\000-\000s\000o\000u\000r\000c\000e\000\040\000c\000o\000m\000m\000u\000n\000i\000t\000y}{section.83}% 59
\BOOKMARK [2][-]{subsection.86}{\376\377\0003\000.\0005\000.\0003\000\040\000F\000u\000t\000u\000r\000e\000\040\000w\000o\000r\000k}{section.83}% 60
\BOOKMARK [0][-]{dummy.87}{\376\377\000B\000i\000b\000l\000i\000o\000g\000r\000a\000p\000h\000y}{}% 61
